
> inventory-management-system@1.0.0 start
> node server.js

/home/yann/Desktop/Projects/inventory-app/backend/node_modules/bindings/bindings.js:121
        throw e;
        ^

Error: The module '/home/yann/Desktop/Projects/inventory-app/backend/node_modules/better-sqlite3/build/Release/better_sqlite3.node'
was compiled against a different Node.js version using
NODE_MODULE_VERSION 127. This version of Node.js requires
NODE_MODULE_VERSION 109. Please try re-compiling or re-installing
the module (for instance, using `npm rebuild` or `npm install`).
    at Module._extensions..node (node:internal/modules/cjs/loader:1452:18)
    at Module.load (node:internal/modules/cjs/loader:1197:32)
    at Module._load (node:internal/modules/cjs/loader:1013:12)
    at Module.require (node:internal/modules/cjs/loader:1225:19)
    at require (node:internal/modules/helpers:177:18)
    at bindings (/home/yann/Desktop/Projects/inventory-app/backend/node_modules/bindings/bindings.js:112:48)
    at new Database (/home/yann/Desktop/Projects/inventory-app/backend/node_modules/better-sqlite3/lib/database.js:48:64)
    at Object.<anonymous> (/home/yann/Desktop/Projects/inventory-app/backend/db.js:12:12)
    at Module._compile (node:internal/modules/cjs/loader:1356:14)
    at Module._extensions..js (node:internal/modules/cjs/loader:1414:10) {
  code: 'ERR_DLOPEN_FAILED'
}

Node.js v18.19.1
